<?xml version="1.0" encoding="UTF-8"?>
<testsuites name="login and reg test suit" time="82.449" tests="3" failures="0" errors="0">
   <testsuite name="login and reg test suit" tests="3" failures="0" errors="0" time="82.449" skipped="0" timestamp="2023-03-30 19:48:09" hostname="yyh - localhost" id="Test Suites/login and reg test suit">
      <properties>
         <property name="deviceName" value=""/>
         <property name="devicePlatform" value=""/>
         <property name="logFolder" value="/Users/yyh/git/Katalon-test/Reports/20230330_194805/login and reg test suit/20230330_194806"/>
         <property name="logFiles" value="/Users/yyh/git/Katalon-test/Reports/20230330_194805/login and reg test suit/20230330_194806/execution0.log"/>
         <property name="attachments" value=""/>
         <property name="hostName" value="yyh - localhost"/>
         <property name="os" value="Mac OS X 64bit"/>
         <property name="katalonVersion" value="8.5.5.208"/>
         <property name="browser" value="Chrome 111.0.0.0"/>
         <property name="hostAddress" value="127.0.0.1"/>
         <property name="sessionId" value="48c456f03708bbfc83c5b91869add24f"/>
         <property name="seleniumVersion" value="3.141.59"/>
         <property name="proxyInformation" value="ProxyInformation { proxyOption=NO_PROXY, proxyServerType=HTTP, username=, password=********, proxyServerAddress=, proxyServerPort=0, executionList=&quot;&quot;, isApplyToDesiredCapabilities=true }"/>
         <property name="platform" value="Mac OS X"/>
      </properties>
      <testcase name="Test Cases/test register and login" time="30.211" classname="Test Cases/test register and login" status="PASSED">
         <system-out><![CDATA[2023-03-30 19:48:10 - [TEST_CASE][PASSED] - Test Cases/test register and login: Test Cases/test register and login

2023-03-30 19:48:10 - [TEST_STEP][PASSED] - openBrowser(""): Browser is opened with url: ''

2023-03-30 19:48:10 - [MESSAGE][INFO] - Starting 'Chrome' driver

2023-03-30 19:48:10 - [MESSAGE][INFO] - Action delay is set to 0 milliseconds

2023-03-30 19:48:18 - [MESSAGE][PASSED] - Browser is opened with url: ''

2023-03-30 19:48:18 - [TEST_STEP][PASSED] - navigateToUrl("http://3.83.16.146:8086/"): Navigate to 'http://3.83.16.146:8086/' successfully

2023-03-30 19:48:19 - [MESSAGE][PASSED] - Navigate to 'http://3.83.16.146:8086/' successfully

2023-03-30 19:48:19 - [TEST_STEP][PASSED] - click(findTestObject("Object Repository/Page_/Link_go to login page")): Object: 'Object Repository/Page_/Link_go to login page' is clicked on

2023-03-30 19:48:27 - [MESSAGE][PASSED] - Object: 'Object Repository/Page_/Link_go to login page' is clicked on

2023-03-30 19:48:27 - [TEST_STEP][PASSED] - click(findTestObject("Object Repository/Page_/Link_register")): Object: 'Object Repository/Page_/Link_register' is clicked on

2023-03-30 19:48:28 - [MESSAGE][PASSED] - Object: 'Object Repository/Page_/Link_register' is clicked on

2023-03-30 19:48:28 - [TEST_STEP][PASSED] - setText(findTestObject("Object Repository/Page_/input_Username"), UserName): Text 'testuser2' is set on object 'Object Repository/Page_/input_Username'

2023-03-30 19:48:29 - [MESSAGE][PASSED] - Text 'testuser2' is set on object 'Object Repository/Page_/input_Username'

2023-03-30 19:48:29 - [TEST_STEP][PASSED] - setEncryptedText(findTestObject("Object Repository/Page_/input_Password"), Password): Text ****** has been set on object 'Object Repository/Page_/input_Password'

2023-03-30 19:48:30 - [MESSAGE][PASSED] - Text ****** has been set on object 'Object Repository/Page_/input_Password'

2023-03-30 19:48:30 - [TEST_STEP][PASSED] - click(findTestObject("Object Repository/Page_/Button_register")): Object: 'Object Repository/Page_/Button_register' is clicked on

2023-03-30 19:48:31 - [MESSAGE][PASSED] - Object: 'Object Repository/Page_/Button_register' is clicked on

2023-03-30 19:48:31 - [TEST_STEP][PASSED] - click(findTestObject("Object Repository/Page_/Link_back to mainpage")): Object: 'Object Repository/Page_/Link_back to mainpage' is clicked on

2023-03-30 19:48:32 - [MESSAGE][PASSED] - Object: 'Object Repository/Page_/Link_back to mainpage' is clicked on

2023-03-30 19:48:32 - [TEST_STEP][PASSED] - click(findTestObject("Object Repository/Page_/Link_go to login page")): Object: 'Object Repository/Page_/Link_go to login page' is clicked on

2023-03-30 19:48:34 - [MESSAGE][PASSED] - Object: 'Object Repository/Page_/Link_go to login page' is clicked on

2023-03-30 19:48:34 - [TEST_STEP][PASSED] - setText(findTestObject("Object Repository/Page_/input_Username"), UserName): Text 'testuser2' is set on object 'Object Repository/Page_/input_Username'

2023-03-30 19:48:35 - [MESSAGE][PASSED] - Text 'testuser2' is set on object 'Object Repository/Page_/input_Username'

2023-03-30 19:48:35 - [TEST_STEP][PASSED] - setEncryptedText(findTestObject("Object Repository/Page_/input_Password"), Password): Text ****** has been set on object 'Object Repository/Page_/input_Password'

2023-03-30 19:48:36 - [MESSAGE][PASSED] - Text ****** has been set on object 'Object Repository/Page_/input_Password'

2023-03-30 19:48:36 - [TEST_STEP][PASSED] - click(findTestObject("Page_/Button_login")): Object: 'Object Repository/Page_/Button_login' is clicked on

2023-03-30 19:48:36 - [MESSAGE][PASSED] - Object: 'Object Repository/Page_/Button_login' is clicked on

2023-03-30 19:48:36 - [TEST_STEP][PASSED] - verifyElementText(findTestObject("Object Repository/Page_/div_oreder_title"), "Order lists:"): Actual text and expected text of test object 'Object Repository/Page_/div_oreder_title' are matched.

2023-03-30 19:48:40 - [MESSAGE][PASSED] - Actual text and expected text of test object 'Object Repository/Page_/div_oreder_title' are matched.

2023-03-30 19:48:40 - [TEST_STEP][PASSED] - closeBrowser(): Browser is closed

2023-03-30 19:48:40 - [MESSAGE][PASSED] - Browser is closed]]></system-out>
         <system-err><![CDATA[]]></system-err>
      </testcase>
      <testcase name="Test Cases/test register and login" time="26.619" classname="Test Cases/test register and login" status="PASSED">
         <system-out><![CDATA[2023-03-30 19:48:40 - [TEST_CASE][PASSED] - Test Cases/test register and login: Test Cases/test register and login

2023-03-30 19:48:40 - [TEST_STEP][PASSED] - openBrowser(""): Browser is opened with url: ''

2023-03-30 19:48:40 - [MESSAGE][INFO] - Starting 'Chrome' driver

2023-03-30 19:48:40 - [MESSAGE][INFO] - Action delay is set to 0 milliseconds

2023-03-30 19:48:44 - [MESSAGE][PASSED] - Browser is opened with url: ''

2023-03-30 19:48:44 - [TEST_STEP][PASSED] - navigateToUrl("http://3.83.16.146:8086/"): Navigate to 'http://3.83.16.146:8086/' successfully

2023-03-30 19:48:46 - [MESSAGE][PASSED] - Navigate to 'http://3.83.16.146:8086/' successfully

2023-03-30 19:48:46 - [TEST_STEP][PASSED] - click(findTestObject("Object Repository/Page_/Link_go to login page")): Object: 'Object Repository/Page_/Link_go to login page' is clicked on

2023-03-30 19:48:53 - [MESSAGE][PASSED] - Object: 'Object Repository/Page_/Link_go to login page' is clicked on

2023-03-30 19:48:53 - [TEST_STEP][PASSED] - click(findTestObject("Object Repository/Page_/Link_register")): Object: 'Object Repository/Page_/Link_register' is clicked on

2023-03-30 19:48:54 - [MESSAGE][PASSED] - Object: 'Object Repository/Page_/Link_register' is clicked on

2023-03-30 19:48:54 - [TEST_STEP][PASSED] - setText(findTestObject("Object Repository/Page_/input_Username"), UserName): Text 'testuser3' is set on object 'Object Repository/Page_/input_Username'

2023-03-30 19:48:56 - [MESSAGE][PASSED] - Text 'testuser3' is set on object 'Object Repository/Page_/input_Username'

2023-03-30 19:48:56 - [TEST_STEP][PASSED] - setEncryptedText(findTestObject("Object Repository/Page_/input_Password"), Password): Text ****** has been set on object 'Object Repository/Page_/input_Password'

2023-03-30 19:48:56 - [MESSAGE][PASSED] - Text ****** has been set on object 'Object Repository/Page_/input_Password'

2023-03-30 19:48:56 - [TEST_STEP][PASSED] - click(findTestObject("Object Repository/Page_/Button_register")): Object: 'Object Repository/Page_/Button_register' is clicked on

2023-03-30 19:48:57 - [MESSAGE][PASSED] - Object: 'Object Repository/Page_/Button_register' is clicked on

2023-03-30 19:48:57 - [TEST_STEP][PASSED] - click(findTestObject("Object Repository/Page_/Link_back to mainpage")): Object: 'Object Repository/Page_/Link_back to mainpage' is clicked on

2023-03-30 19:48:58 - [MESSAGE][PASSED] - Object: 'Object Repository/Page_/Link_back to mainpage' is clicked on

2023-03-30 19:48:58 - [TEST_STEP][PASSED] - click(findTestObject("Object Repository/Page_/Link_go to login page")): Object: 'Object Repository/Page_/Link_go to login page' is clicked on

2023-03-30 19:49:00 - [MESSAGE][PASSED] - Object: 'Object Repository/Page_/Link_go to login page' is clicked on

2023-03-30 19:49:00 - [TEST_STEP][PASSED] - setText(findTestObject("Object Repository/Page_/input_Username"), UserName): Text 'testuser3' is set on object 'Object Repository/Page_/input_Username'

2023-03-30 19:49:01 - [MESSAGE][PASSED] - Text 'testuser3' is set on object 'Object Repository/Page_/input_Username'

2023-03-30 19:49:01 - [TEST_STEP][PASSED] - setEncryptedText(findTestObject("Object Repository/Page_/input_Password"), Password): Text ****** has been set on object 'Object Repository/Page_/input_Password'

2023-03-30 19:49:02 - [MESSAGE][PASSED] - Text ****** has been set on object 'Object Repository/Page_/input_Password'

2023-03-30 19:49:02 - [TEST_STEP][PASSED] - click(findTestObject("Page_/Button_login")): Object: 'Object Repository/Page_/Button_login' is clicked on

2023-03-30 19:49:03 - [MESSAGE][PASSED] - Object: 'Object Repository/Page_/Button_login' is clicked on

2023-03-30 19:49:03 - [TEST_STEP][PASSED] - verifyElementText(findTestObject("Object Repository/Page_/div_oreder_title"), "Order lists:"): Actual text and expected text of test object 'Object Repository/Page_/div_oreder_title' are matched.

2023-03-30 19:49:07 - [MESSAGE][PASSED] - Actual text and expected text of test object 'Object Repository/Page_/div_oreder_title' are matched.

2023-03-30 19:49:07 - [TEST_STEP][PASSED] - closeBrowser(): Browser is closed

2023-03-30 19:49:07 - [MESSAGE][PASSED] - Browser is closed]]></system-out>
         <system-err><![CDATA[]]></system-err>
      </testcase>
      <testcase name="Test Cases/test register and login" time="25.008" classname="Test Cases/test register and login" status="PASSED">
         <system-out><![CDATA[2023-03-30 19:49:07 - [TEST_CASE][PASSED] - Test Cases/test register and login: Test Cases/test register and login

2023-03-30 19:49:07 - [TEST_STEP][PASSED] - openBrowser(""): Browser is opened with url: ''

2023-03-30 19:49:07 - [MESSAGE][INFO] - Starting 'Chrome' driver

2023-03-30 19:49:07 - [MESSAGE][INFO] - Action delay is set to 0 milliseconds

2023-03-30 19:49:11 - [MESSAGE][PASSED] - Browser is opened with url: ''

2023-03-30 19:49:11 - [TEST_STEP][PASSED] - navigateToUrl("http://3.83.16.146:8086/"): Navigate to 'http://3.83.16.146:8086/' successfully

2023-03-30 19:49:12 - [MESSAGE][PASSED] - Navigate to 'http://3.83.16.146:8086/' successfully

2023-03-30 19:49:12 - [TEST_STEP][PASSED] - click(findTestObject("Object Repository/Page_/Link_go to login page")): Object: 'Object Repository/Page_/Link_go to login page' is clicked on

2023-03-30 19:49:19 - [MESSAGE][PASSED] - Object: 'Object Repository/Page_/Link_go to login page' is clicked on

2023-03-30 19:49:19 - [TEST_STEP][PASSED] - click(findTestObject("Object Repository/Page_/Link_register")): Object: 'Object Repository/Page_/Link_register' is clicked on

2023-03-30 19:49:20 - [MESSAGE][PASSED] - Object: 'Object Repository/Page_/Link_register' is clicked on

2023-03-30 19:49:20 - [TEST_STEP][PASSED] - setText(findTestObject("Object Repository/Page_/input_Username"), UserName): Text 'testuser4' is set on object 'Object Repository/Page_/input_Username'

2023-03-30 19:49:21 - [MESSAGE][PASSED] - Text 'testuser4' is set on object 'Object Repository/Page_/input_Username'

2023-03-30 19:49:21 - [TEST_STEP][PASSED] - setEncryptedText(findTestObject("Object Repository/Page_/input_Password"), Password): Text ****** has been set on object 'Object Repository/Page_/input_Password'

2023-03-30 19:49:22 - [MESSAGE][PASSED] - Text ****** has been set on object 'Object Repository/Page_/input_Password'

2023-03-30 19:49:22 - [TEST_STEP][PASSED] - click(findTestObject("Object Repository/Page_/Button_register")): Object: 'Object Repository/Page_/Button_register' is clicked on

2023-03-30 19:49:23 - [MESSAGE][PASSED] - Object: 'Object Repository/Page_/Button_register' is clicked on

2023-03-30 19:49:23 - [TEST_STEP][PASSED] - click(findTestObject("Object Repository/Page_/Link_back to mainpage")): Object: 'Object Repository/Page_/Link_back to mainpage' is clicked on

2023-03-30 19:49:24 - [MESSAGE][PASSED] - Object: 'Object Repository/Page_/Link_back to mainpage' is clicked on

2023-03-30 19:49:24 - [TEST_STEP][PASSED] - click(findTestObject("Object Repository/Page_/Link_go to login page")): Object: 'Object Repository/Page_/Link_go to login page' is clicked on

2023-03-30 19:49:26 - [MESSAGE][PASSED] - Object: 'Object Repository/Page_/Link_go to login page' is clicked on

2023-03-30 19:49:26 - [TEST_STEP][PASSED] - setText(findTestObject("Object Repository/Page_/input_Username"), UserName): Text 'testuser4' is set on object 'Object Repository/Page_/input_Username'

2023-03-30 19:49:27 - [MESSAGE][PASSED] - Text 'testuser4' is set on object 'Object Repository/Page_/input_Username'

2023-03-30 19:49:27 - [TEST_STEP][PASSED] - setEncryptedText(findTestObject("Object Repository/Page_/input_Password"), Password): Text ****** has been set on object 'Object Repository/Page_/input_Password'

2023-03-30 19:49:28 - [MESSAGE][PASSED] - Text ****** has been set on object 'Object Repository/Page_/input_Password'

2023-03-30 19:49:28 - [TEST_STEP][PASSED] - click(findTestObject("Page_/Button_login")): Object: 'Object Repository/Page_/Button_login' is clicked on

2023-03-30 19:49:28 - [MESSAGE][PASSED] - Object: 'Object Repository/Page_/Button_login' is clicked on

2023-03-30 19:49:28 - [TEST_STEP][PASSED] - verifyElementText(findTestObject("Object Repository/Page_/div_oreder_title"), "Order lists:"): Actual text and expected text of test object 'Object Repository/Page_/div_oreder_title' are matched.

2023-03-30 19:49:32 - [MESSAGE][PASSED] - Actual text and expected text of test object 'Object Repository/Page_/div_oreder_title' are matched.

2023-03-30 19:49:32 - [TEST_STEP][PASSED] - closeBrowser(): Browser is closed

2023-03-30 19:49:32 - [MESSAGE][PASSED] - Browser is closed]]></system-out>
         <system-err><![CDATA[]]></system-err>
      </testcase>
      <system-out><![CDATA[2023-03-30 19:48:09 - [TEST_SUITE][PASSED] - login and reg test suit: Test Cases/test register and login]]></system-out>
      <system-err><![CDATA[]]></system-err>
   </testsuite>
</testsuites>
