<?xml version="1.0" encoding="UTF-8"?>
<testsuites name="menu test" time="182.713" tests="4" failures="0" errors="0">
   <testsuite name="menu test" tests="4" failures="0" errors="0" time="182.713" skipped="0" timestamp="2023-03-30 22:34:25" hostname="yyh - localhost" id="Test Suites/menu test">
      <properties>
         <property name="deviceName" value=""/>
         <property name="devicePlatform" value=""/>
         <property name="logFolder" value="/Users/yyh/git/Katalon-test/Reports/20230330_223422/menu test/20230330_223422"/>
         <property name="logFiles" value="/Users/yyh/git/Katalon-test/Reports/20230330_223422/menu test/20230330_223422/execution0.log"/>
         <property name="attachments" value=""/>
         <property name="hostName" value="yyh - localhost"/>
         <property name="os" value="Mac OS X 64bit"/>
         <property name="katalonVersion" value="8.5.5.208"/>
         <property name="browser" value="Chrome 111.0.0.0"/>
         <property name="hostAddress" value="127.0.0.1"/>
         <property name="sessionId" value="e636458372b9f6060956944ada55d243"/>
         <property name="seleniumVersion" value="3.141.59"/>
         <property name="proxyInformation" value="ProxyInformation { proxyOption=NO_PROXY, proxyServerType=HTTP, username=, password=********, proxyServerAddress=, proxyServerPort=0, executionList=&quot;&quot;, isApplyToDesiredCapabilities=true }"/>
         <property name="platform" value="Mac OS X"/>
      </properties>
      <testcase name="Test Cases/test menu function" time="73.348" classname="Test Cases/test menu function" status="PASSED">
         <system-out><![CDATA[2023-03-30 22:34:26 - [TEST_CASE][PASSED] - Test Cases/test menu function: Test Cases/test menu function

2023-03-30 22:34:26 - [TEST_STEP][PASSED] - openBrowser(""): Browser is opened with url: ''

2023-03-30 22:34:26 - [MESSAGE][INFO] - Starting 'Chrome' driver

2023-03-30 22:34:26 - [MESSAGE][INFO] - Action delay is set to 0 milliseconds

2023-03-30 22:34:34 - [MESSAGE][PASSED] - Browser is opened with url: ''

2023-03-30 22:34:34 - [TEST_STEP][PASSED] - navigateToUrl("http://54.87.132.198:8086/"): Navigate to 'http://54.87.132.198:8086/' successfully

2023-03-30 22:34:35 - [MESSAGE][PASSED] - Navigate to 'http://54.87.132.198:8086/' successfully

2023-03-30 22:34:35 - [TEST_STEP][PASSED] - click(findTestObject("Object Repository/page3/Page_/Link_Customer")): Object: 'Object Repository/page3/Page_/Link_Customer' is clicked on

2023-03-30 22:34:41 - [MESSAGE][PASSED] - Object: 'Object Repository/page3/Page_/Link_Customer' is clicked on

2023-03-30 22:34:41 - [TEST_STEP][PASSED] - click(findTestObject("Object Repository/page3/Page_/Link_table1")): Object: 'Object Repository/page3/Page_/Link_table1' is clicked on

2023-03-30 22:35:37 - [MESSAGE][PASSED] - Object: 'Object Repository/page3/Page_/Link_table1' is clicked on

2023-03-30 22:35:37 - [TEST_STEP][PASSED] - click(findTestObject("Object Repository/page3/Page_/Link_Menu")): Object: 'Object Repository/page3/Page_/Link_Menu' is clicked on

2023-03-30 22:35:38 - [MESSAGE][PASSED] - Object: 'Object Repository/page3/Page_/Link_Menu' is clicked on

2023-03-30 22:35:38 - [TEST_STEP][PASSED] - dishesTestData = findTestData("Data Files/DishTestData"): null

2023-03-30 22:35:38 - [TEST_STEP][PASSED] - for ([i = 1, i <= dishesTestData.getRowNumbers(), (i++)]): null

2023-03-30 22:35:38 - [TEST_STEP][PASSED] - dish = dishesTestData.getValue("dish", i): null

2023-03-30 22:35:38 - [TEST_STEP][PASSED] - click(findTestObject("page3/Page_/Link_" + dish)): Object: 'Object Repository/page3/Page_/Link_Appetizer' is clicked on

2023-03-30 22:35:38 - [MESSAGE][PASSED] - Object: 'Object Repository/page3/Page_/Link_Appetizer' is clicked on

2023-03-30 22:35:38 - [TEST_STEP][PASSED] - if (verifyElementText(findTestObject("Object Repository/page3/Page_/title_" + dish), dish, OPTIONAL)): null

2023-03-30 22:35:39 - [MESSAGE][PASSED] - Actual text and expected text of test object 'Object Repository/page3/Page_/title_Appetizer' are matched.

2023-03-30 22:35:39 - [TEST_STEP][PASSED] - println(Element with correct text found: $dish): null

2023-03-30 22:35:39 - [TEST_STEP][PASSED] - break: null]]></system-out>
         <system-err><![CDATA[]]></system-err>
      </testcase>
      <testcase name="Test Cases/test menu function" time="16.591" classname="Test Cases/test menu function" status="PASSED">
         <system-out><![CDATA[2023-03-30 22:35:39 - [TEST_CASE][PASSED] - Test Cases/test menu function: Test Cases/test menu function

2023-03-30 22:35:39 - [TEST_STEP][PASSED] - openBrowser(""): Browser is opened with url: ''

2023-03-30 22:35:39 - [MESSAGE][WARNING] - A browser is already opened. Closing browser and opening a new one

2023-03-30 22:35:39 - [MESSAGE][INFO] - Starting 'Chrome' driver

2023-03-30 22:35:39 - [MESSAGE][INFO] - Action delay is set to 0 milliseconds

2023-03-30 22:35:45 - [MESSAGE][PASSED] - Browser is opened with url: ''

2023-03-30 22:35:45 - [TEST_STEP][PASSED] - navigateToUrl("http://54.87.132.198:8086/"): Navigate to 'http://54.87.132.198:8086/' successfully

2023-03-30 22:35:46 - [MESSAGE][PASSED] - Navigate to 'http://54.87.132.198:8086/' successfully

2023-03-30 22:35:46 - [TEST_STEP][PASSED] - click(findTestObject("Object Repository/page3/Page_/Link_Customer")): Object: 'Object Repository/page3/Page_/Link_Customer' is clicked on

2023-03-30 22:35:50 - [MESSAGE][PASSED] - Object: 'Object Repository/page3/Page_/Link_Customer' is clicked on

2023-03-30 22:35:50 - [TEST_STEP][PASSED] - click(findTestObject("Object Repository/page3/Page_/Link_table1")): Object: 'Object Repository/page3/Page_/Link_table1' is clicked on

2023-03-30 22:35:54 - [MESSAGE][PASSED] - Object: 'Object Repository/page3/Page_/Link_table1' is clicked on

2023-03-30 22:35:54 - [TEST_STEP][PASSED] - click(findTestObject("Object Repository/page3/Page_/Link_Menu")): Object: 'Object Repository/page3/Page_/Link_Menu' is clicked on

2023-03-30 22:35:54 - [MESSAGE][PASSED] - Object: 'Object Repository/page3/Page_/Link_Menu' is clicked on

2023-03-30 22:35:54 - [TEST_STEP][PASSED] - dishesTestData = findTestData("Data Files/DishTestData"): null

2023-03-30 22:35:54 - [TEST_STEP][PASSED] - for ([i = 1, i <= dishesTestData.getRowNumbers(), (i++)]): null

2023-03-30 22:35:54 - [TEST_STEP][PASSED] - dish = dishesTestData.getValue("dish", i): null

2023-03-30 22:35:54 - [TEST_STEP][PASSED] - click(findTestObject("page3/Page_/Link_" + dish)): Object: 'Object Repository/page3/Page_/Link_Appetizer' is clicked on

2023-03-30 22:35:55 - [MESSAGE][PASSED] - Object: 'Object Repository/page3/Page_/Link_Appetizer' is clicked on

2023-03-30 22:35:55 - [TEST_STEP][PASSED] - if (verifyElementText(findTestObject("Object Repository/page3/Page_/title_" + dish), dish, OPTIONAL)): null

2023-03-30 22:35:56 - [MESSAGE][PASSED] - Actual text and expected text of test object 'Object Repository/page3/Page_/title_Appetizer' are matched.

2023-03-30 22:35:56 - [TEST_STEP][PASSED] - println(Element with correct text found: $dish): null

2023-03-30 22:35:56 - [TEST_STEP][PASSED] - break: null]]></system-out>
         <system-err><![CDATA[]]></system-err>
      </testcase>
      <testcase name="Test Cases/test menu function" time="16.626" classname="Test Cases/test menu function" status="PASSED">
         <system-out><![CDATA[2023-03-30 22:35:56 - [TEST_CASE][PASSED] - Test Cases/test menu function: Test Cases/test menu function

2023-03-30 22:35:56 - [TEST_STEP][PASSED] - openBrowser(""): Browser is opened with url: ''

2023-03-30 22:35:56 - [MESSAGE][WARNING] - A browser is already opened. Closing browser and opening a new one

2023-03-30 22:35:56 - [MESSAGE][INFO] - Starting 'Chrome' driver

2023-03-30 22:35:56 - [MESSAGE][INFO] - Action delay is set to 0 milliseconds

2023-03-30 22:36:00 - [MESSAGE][PASSED] - Browser is opened with url: ''

2023-03-30 22:36:00 - [TEST_STEP][PASSED] - navigateToUrl("http://54.87.132.198:8086/"): Navigate to 'http://54.87.132.198:8086/' successfully

2023-03-30 22:36:01 - [MESSAGE][PASSED] - Navigate to 'http://54.87.132.198:8086/' successfully

2023-03-30 22:36:01 - [TEST_STEP][PASSED] - click(findTestObject("Object Repository/page3/Page_/Link_Customer")): Object: 'Object Repository/page3/Page_/Link_Customer' is clicked on

2023-03-30 22:36:05 - [MESSAGE][PASSED] - Object: 'Object Repository/page3/Page_/Link_Customer' is clicked on

2023-03-30 22:36:05 - [TEST_STEP][PASSED] - click(findTestObject("Object Repository/page3/Page_/Link_table1")): Object: 'Object Repository/page3/Page_/Link_table1' is clicked on

2023-03-30 22:36:10 - [MESSAGE][PASSED] - Object: 'Object Repository/page3/Page_/Link_table1' is clicked on

2023-03-30 22:36:10 - [TEST_STEP][PASSED] - click(findTestObject("Object Repository/page3/Page_/Link_Menu")): Object: 'Object Repository/page3/Page_/Link_Menu' is clicked on

2023-03-30 22:36:11 - [MESSAGE][PASSED] - Object: 'Object Repository/page3/Page_/Link_Menu' is clicked on

2023-03-30 22:36:11 - [TEST_STEP][PASSED] - dishesTestData = findTestData("Data Files/DishTestData"): null

2023-03-30 22:36:11 - [TEST_STEP][PASSED] - for ([i = 1, i <= dishesTestData.getRowNumbers(), (i++)]): null

2023-03-30 22:36:11 - [TEST_STEP][PASSED] - dish = dishesTestData.getValue("dish", i): null

2023-03-30 22:36:11 - [TEST_STEP][PASSED] - click(findTestObject("page3/Page_/Link_" + dish)): Object: 'Object Repository/page3/Page_/Link_Appetizer' is clicked on

2023-03-30 22:36:11 - [MESSAGE][PASSED] - Object: 'Object Repository/page3/Page_/Link_Appetizer' is clicked on

2023-03-30 22:36:11 - [TEST_STEP][PASSED] - if (verifyElementText(findTestObject("Object Repository/page3/Page_/title_" + dish), dish, OPTIONAL)): null

2023-03-30 22:36:12 - [MESSAGE][PASSED] - Actual text and expected text of test object 'Object Repository/page3/Page_/title_Appetizer' are matched.

2023-03-30 22:36:12 - [TEST_STEP][PASSED] - println(Element with correct text found: $dish): null

2023-03-30 22:36:12 - [TEST_STEP][PASSED] - break: null]]></system-out>
         <system-err><![CDATA[]]></system-err>
      </testcase>
      <testcase name="Test Cases/test menu function" time="75.506" classname="Test Cases/test menu function" status="PASSED">
         <system-out><![CDATA[2023-03-30 22:36:12 - [TEST_CASE][PASSED] - Test Cases/test menu function: Test Cases/test menu function

2023-03-30 22:36:12 - [TEST_STEP][PASSED] - openBrowser(""): Browser is opened with url: ''

2023-03-30 22:36:12 - [MESSAGE][WARNING] - A browser is already opened. Closing browser and opening a new one

2023-03-30 22:36:12 - [MESSAGE][INFO] - Starting 'Chrome' driver

2023-03-30 22:36:12 - [MESSAGE][INFO] - Action delay is set to 0 milliseconds

2023-03-30 22:36:17 - [MESSAGE][PASSED] - Browser is opened with url: ''

2023-03-30 22:36:17 - [TEST_STEP][PASSED] - navigateToUrl("http://54.87.132.198:8086/"): Navigate to 'http://54.87.132.198:8086/' successfully

2023-03-30 22:36:18 - [MESSAGE][PASSED] - Navigate to 'http://54.87.132.198:8086/' successfully

2023-03-30 22:36:18 - [TEST_STEP][PASSED] - click(findTestObject("Object Repository/page3/Page_/Link_Customer")): Object: 'Object Repository/page3/Page_/Link_Customer' is clicked on

2023-03-30 22:36:22 - [MESSAGE][PASSED] - Object: 'Object Repository/page3/Page_/Link_Customer' is clicked on

2023-03-30 22:36:22 - [TEST_STEP][PASSED] - click(findTestObject("Object Repository/page3/Page_/Link_table1")): Object: 'Object Repository/page3/Page_/Link_table1' is clicked on

2023-03-30 22:37:22 - [MESSAGE][PASSED] - Object: 'Object Repository/page3/Page_/Link_table1' is clicked on

2023-03-30 22:37:22 - [TEST_STEP][PASSED] - click(findTestObject("Object Repository/page3/Page_/Link_Menu")): Object: 'Object Repository/page3/Page_/Link_Menu' is clicked on

2023-03-30 22:37:24 - [MESSAGE][PASSED] - Object: 'Object Repository/page3/Page_/Link_Menu' is clicked on

2023-03-30 22:37:24 - [TEST_STEP][PASSED] - dishesTestData = findTestData("Data Files/DishTestData"): null

2023-03-30 22:37:24 - [TEST_STEP][PASSED] - for ([i = 1, i <= dishesTestData.getRowNumbers(), (i++)]): null

2023-03-30 22:37:24 - [TEST_STEP][PASSED] - dish = dishesTestData.getValue("dish", i): null

2023-03-30 22:37:24 - [TEST_STEP][PASSED] - click(findTestObject("page3/Page_/Link_" + dish)): Object: 'Object Repository/page3/Page_/Link_Appetizer' is clicked on

2023-03-30 22:37:26 - [MESSAGE][PASSED] - Object: 'Object Repository/page3/Page_/Link_Appetizer' is clicked on

2023-03-30 22:37:26 - [TEST_STEP][PASSED] - if (verifyElementText(findTestObject("Object Repository/page3/Page_/title_" + dish), dish, OPTIONAL)): null

2023-03-30 22:37:28 - [MESSAGE][PASSED] - Actual text and expected text of test object 'Object Repository/page3/Page_/title_Appetizer' are matched.

2023-03-30 22:37:28 - [TEST_STEP][PASSED] - println(Element with correct text found: $dish): null

2023-03-30 22:37:28 - [TEST_STEP][PASSED] - break: null]]></system-out>
         <system-err><![CDATA[]]></system-err>
      </testcase>
      <system-out><![CDATA[2023-03-30 22:34:25 - [TEST_SUITE][PASSED] - menu test: Test Cases/test menu function]]></system-out>
      <system-err><![CDATA[]]></system-err>
   </testsuite>
</testsuites>
